<?xml version="1.0" encoding="UTF-8"?>
<!-- Generated by org.testng.reporters.JUnitReportReporter -->
<testsuite hostname="MacBook-Pro" failures="0" tests="3" name="TESTcom.crm.qa.testcases.HomePageTest" time="81.140" errors="0" timestamp="2023-04-13T11:47:32 EDT" skipped="0">
  <testcase classname="TESTcom.crm.qa.testcases.HomePageTest" name="verifyHomePageTitleTest" time="24.644"/>
  <system-out/>
  <testcase classname="TESTcom.crm.qa.testcases.HomePageTest" name="verifyUserNameTest" time="25.206"/>
  <system-out/>
  <testcase classname="TESTcom.crm.qa.testcases.HomePageTest" name="verifyFriendsPageLinkTest" time="31.290"/>
  <system-out/>
</testsuite> <!-- TESTcom.crm.qa.testcases.HomePageTest -->
