<?xml version="1.0" encoding="UTF-8"?>
<!-- Generated by org.testng.reporters.JUnitReportReporter -->
<testsuite hostname="Anurags-Laptop.local" failures="0" tests="3" name="TESTcom.crm.qa.testcases.LoginPageTest" time="33.730" errors="0" timestamp="2023-04-10T16:33:09 EDT" skipped="0">
  <testcase classname="TESTcom.crm.qa.testcases.LoginPageTest" name="loginPageTitleTest" time="9.389"/>
  <system-out/>
  <testcase classname="TESTcom.crm.qa.testcases.LoginPageTest" name="FacebookLogo" time="9.715"/>
  <system-out/>
  <testcase classname="TESTcom.crm.qa.testcases.LoginPageTest" name="loginTest" time="14.626"/>
  <system-out/>
</testsuite> <!-- TESTcom.crm.qa.testcases.LoginPageTest -->
